<?xml version="1.0" encoding="UTF-8"?>
<!-- Generated by org.testng.reporters.JUnitReportReporter -->
<testsuite name="com.hxk.online.TestDemo" tests="1" time="0.007" ignored="0" failures="0" timestamp="05 九月 2022 09:23:41 GMT" skipped="0" hostname="浪里个浪" errors="0">
  <testcase name="test1" time="0.007" classname="com.hxk.online.TestDemo"/>
</testsuite> <!-- com.hxk.online.TestDemo -->
