<?xml version="1.0" encoding="UTF-8"?>
<!-- Generated by org.testng.reporters.JUnitReportReporter -->
<testsuite ignored="1" hostname="浪里个浪" failures="0" tests="1" name="com.hxk.online.TestDemo" time="0.000" errors="0" timestamp="16 9月 2022 06:15:26 GMT" skipped="0">
  <testcase classname="com.hxk.online.TestDemo" name="test1" time="0.000"/>
  <testcase classname="com.hxk.online.CourseRecord404" name="wo404">
    <skipped/>
  </testcase> <!-- wo404 -->
</testsuite> <!-- com.hxk.online.TestDemo -->
