<?xml version="1.0" encoding="UTF-8"?>
<!-- Generated by org.testng.reporters.JUnitReportReporter -->
<testsuite ignored="1" hostname="浪里个浪" failures="0" tests="1" name="com.hxk.online.Index" time="1.143" errors="0" timestamp="20 9月 2022 03:20:09 GMT" skipped="0">
  <testcase classname="com.hxk.online.Index" name="index" time="1.143"/>
  <testcase classname="com.hxk.online.CourseRecord404" name="wo404">
    <skipped/>
  </testcase> <!-- wo404 -->
</testsuite> <!-- com.hxk.online.Index -->
