<?xml version="1.0" encoding="UTF-8"?>
<!-- Generated by org.testng.reporters.JUnitReportReporter -->
<testsuite name="com.hxk.online.TestDemo" tests="1" time="0.009" ignored="0" failures="0" timestamp="13 九月 2022 07:19:45 GMT" skipped="0" hostname="浪里个浪" errors="0">
  <testcase name="test1" time="0.009" classname="com.hxk.online.TestDemo"/>
</testsuite> <!-- com.hxk.online.TestDemo -->
